Running for wpi: '/homes/gws/jmsy/checker-framework/checker/bin/javac' '-Xmaxerrs' '10000' '-Xmaxwarns' '10000' '-Aajava=/tmp/wpi-ajava-20230926-220459-lhw1hzfo/iteration3' '-classpath' '/scratch/jmsy/outdir/spring-cloud-deployer-kubernetes-9c3c0dee46ef96da8b5ad4c27c62bb1acb31d33f/spring-cloud-deployer-kubernetes/target/classes:/homes/gws/jmsy/.m2/repository/org/springframework/cloud/spring-cloud-deployer-spi/2.8.4-SNAPSHOT/spring-cloud-deployer-spi-2.8.4-SNAPSHOT.jar:/homes/gws/jmsy/.m2/repository/org/springframework/spring-core/5.3.26/spring-core-5.3.26.jar:/homes/gws/jmsy/.m2/repository/org/springframework/spring-jcl/5.3.26/spring-jcl-5.3.26.jar:/homes/gws/jmsy/.m2/repository/io/projectreactor/reactor-core/3.4.28/reactor-core-3.4.28.jar:/homes/gws/jmsy/.m2/repository/org/reactivestreams/reactive-streams/1.0.4/reactive-streams-1.0.4.jar:/homes/gws/jmsy/.m2/repository/org/springframework/cloud/spring-cloud-deployer-resource-docker/2.8.4-SNAPSHOT/spring-cloud-deployer-resource-docker-2.8.4-SNAPSHOT.jar:/homes/gws/jmsy/.m2/repository/org/springframework/boot/spring-boot-autoconfigure/2.7.10/spring-boot-autoconfigure-2.7.10.jar:/homes/gws/jmsy/.m2/repository/org/springframework/boot/spring-boot/2.7.10/spring-boot-2.7.10.jar:/homes/gws/jmsy/.m2/repository/org/springframework/spring-context/5.3.26/spring-context-5.3.26.jar:/homes/gws/jmsy/.m2/repository/org/springframework/spring-aop/5.3.26/spring-aop-5.3.26.jar:/homes/gws/jmsy/.m2/repository/org/springframework/spring-expression/5.3.26/spring-expression-5.3.26.jar:/homes/gws/jmsy/.m2/repository/org/springframework/spring-web/5.3.26/spring-web-5.3.26.jar:/homes/gws/jmsy/.m2/repository/org/springframework/spring-beans/5.3.26/spring-beans-5.3.26.jar:/homes/gws/jmsy/.m2/repository/io/fabric8/kubernetes-client/5.12.2/kubernetes-client-5.12.2.jar:/homes/gws/jmsy/.m2/repository/io/fabric8/kubernetes-model-core/5.12.4/kubernetes-model-core-5.12.4.jar:/homes/gws/jmsy/.m2/repository/io/fabric8/kubernetes-model-common/5.12.4/kubernetes-model-common-5.12.4.jar:/homes/gws/jmsy/.m2/repository/com/fasterxml/jackson/core/jackson-annotations/2.13.5/jackson-annotations-2.13.5.jar:/homes/gws/jmsy/.m2/repository/io/fabric8/kubernetes-model-rbac/5.12.4/kubernetes-model-rbac-5.12.4.jar:/homes/gws/jmsy/.m2/repository/io/fabric8/kubernetes-model-admissionregistration/5.12.4/kubernetes-model-admissionregistration-5.12.4.jar:/homes/gws/jmsy/.m2/repository/io/fabric8/kubernetes-model-apps/5.12.4/kubernetes-model-apps-5.12.4.jar:/homes/gws/jmsy/.m2/repository/io/fabric8/kubernetes-model-autoscaling/5.12.4/kubernetes-model-autoscaling-5.12.4.jar:/homes/gws/jmsy/.m2/repository/io/fabric8/kubernetes-model-apiextensions/5.12.4/kubernetes-model-apiextensions-5.12.4.jar:/homes/gws/jmsy/.m2/repository/io/fabric8/kubernetes-model-batch/5.12.4/kubernetes-model-batch-5.12.4.jar:/homes/gws/jmsy/.m2/repository/io/fabric8/kubernetes-model-certificates/5.12.4/kubernetes-model-certificates-5.12.4.jar:/homes/gws/jmsy/.m2/repository/io/fabric8/kubernetes-model-coordination/5.12.4/kubernetes-model-coordination-5.12.4.jar:/homes/gws/jmsy/.m2/repository/io/fabric8/kubernetes-model-discovery/5.12.4/kubernetes-model-discovery-5.12.4.jar:/homes/gws/jmsy/.m2/repository/io/fabric8/kubernetes-model-events/5.12.4/kubernetes-model-events-5.12.4.jar:/homes/gws/jmsy/.m2/repository/io/fabric8/kubernetes-model-extensions/5.12.4/kubernetes-model-extensions-5.12.4.jar:/homes/gws/jmsy/.m2/repository/io/fabric8/kubernetes-model-flowcontrol/5.12.4/kubernetes-model-flowcontrol-5.12.4.jar:/homes/gws/jmsy/.m2/repository/io/fabric8/kubernetes-model-networking/5.12.4/kubernetes-model-networking-5.12.4.jar:/homes/gws/jmsy/.m2/repository/io/fabric8/kubernetes-model-metrics/5.12.4/kubernetes-model-metrics-5.12.4.jar:/homes/gws/jmsy/.m2/repository/io/fabric8/kubernetes-model-policy/5.12.4/kubernetes-model-policy-5.12.4.jar:/homes/gws/jmsy/.m2/repository/io/fabric8/kubernetes-model-scheduling/5.12.4/kubernetes-model-scheduling-5.12.4.jar:/homes/gws/jmsy/.m2/repository/io/fabric8/kubernetes-model-storageclass/5.12.4/kubernetes-model-storageclass-5.12.4.jar:/homes/gws/jmsy/.m2/repository/io/fabric8/kubernetes-model-node/5.12.4/kubernetes-model-node-5.12.4.jar:/homes/gws/jmsy/.m2/repository/com/squareup/okhttp3/logging-interceptor/4.9.3/logging-interceptor-4.9.3.jar:/homes/gws/jmsy/.m2/repository/org/jetbrains/kotlin/kotlin-stdlib-jdk8/1.6.21/kotlin-stdlib-jdk8-1.6.21.jar:/homes/gws/jmsy/.m2/repository/org/jetbrains/kotlin/kotlin-stdlib/1.6.21/kotlin-stdlib-1.6.21.jar:/homes/gws/jmsy/.m2/repository/org/jetbrains/kotlin/kotlin-stdlib-common/1.6.21/kotlin-stdlib-common-1.6.21.jar:/homes/gws/jmsy/.m2/repository/org/jetbrains/annotations/13.0/annotations-13.0.jar:/homes/gws/jmsy/.m2/repository/org/jetbrains/kotlin/kotlin-stdlib-jdk7/1.6.21/kotlin-stdlib-jdk7-1.6.21.jar:/homes/gws/jmsy/.m2/repository/org/slf4j/slf4j-api/1.7.36/slf4j-api-1.7.36.jar:/homes/gws/jmsy/.m2/repository/com/fasterxml/jackson/dataformat/jackson-dataformat-yaml/2.13.5/jackson-dataformat-yaml-2.13.5.jar:/homes/gws/jmsy/.m2/repository/org/yaml/snakeyaml/1.30/snakeyaml-1.30.jar:/homes/gws/jmsy/.m2/repository/com/fasterxml/jackson/datatype/jackson-datatype-jsr310/2.13.5/jackson-datatype-jsr310-2.13.5.jar:/homes/gws/jmsy/.m2/repository/com/fasterxml/jackson/core/jackson-databind/2.13.5/jackson-databind-2.13.5.jar:/homes/gws/jmsy/.m2/repository/com/fasterxml/jackson/core/jackson-core/2.13.5/jackson-core-2.13.5.jar:/homes/gws/jmsy/.m2/repository/io/fabric8/zjsonpatch/0.3.0/zjsonpatch-0.3.0.jar:/homes/gws/jmsy/.m2/repository/com/github/mifmif/generex/1.0.2/generex-1.0.2.jar:/homes/gws/jmsy/.m2/repository/dk/brics/automaton/automaton/1.11-8/automaton-1.11-8.jar:/homes/gws/jmsy/.m2/repository/org/hashids/hashids/1.0.1/hashids-1.0.1.jar:/homes/gws/jmsy/.m2/repository/org/springframework/boot/spring-boot-configuration-processor/2.7.10/spring-boot-configuration-processor-2.7.10.jar:' '-processor' 'optional' '-d' '/scratch/jmsy/outdir/spring-cloud-deployer-kubernetes-9c3c0dee46ef96da8b5ad4c27c62bb1acb31d33f/spring-cloud-deployer-kubernetes/target/classes' '-sourcepath' '/scratch/jmsy/outdir/spring-cloud-deployer-kubernetes-9c3c0dee46ef96da8b5ad4c27c62bb1acb31d33f/spring-cloud-deployer-kubernetes/src/main/java:/scratch/jmsy/outdir/spring-cloud-deployer-kubernetes-9c3c0dee46ef96da8b5ad4c27c62bb1acb31d33f/spring-cloud-deployer-kubernetes/target/generated-sources/annotations:' '-s' '/scratch/jmsy/outdir/spring-cloud-deployer-kubernetes-9c3c0dee46ef96da8b5ad4c27c62bb1acb31d33f/spring-cloud-deployer-kubernetes/target/generated-sources/annotations' '-g' '--release' '8' '--release' '8' '-encoding' 'UTF-8' '-Xlint:all' '/scratch/jmsy/outdir/spring-cloud-deployer-kubernetes-9c3c0dee46ef96da8b5ad4c27c62bb1acb31d33f/spring-cloud-deployer-kubernetes/src/main/java/org/springframework/cloud/deployer/spi/kubernetes/KubernetesTaskLauncherProperties.java' '/scratch/jmsy/outdir/spring-cloud-deployer-kubernetes-9c3c0dee46ef96da8b5ad4c27c62bb1acb31d33f/spring-cloud-deployer-kubernetes/src/main/java/org/springframework/cloud/deployer/spi/kubernetes/StartupCommandProbeCreator.java' '/scratch/jmsy/outdir/spring-cloud-deployer-kubernetes-9c3c0dee46ef96da8b5ad4c27c62bb1acb31d33f/spring-cloud-deployer-kubernetes/src/main/java/org/springframework/cloud/deployer/spi/kubernetes/DefaultRunningPhaseDeploymentStateResolver.java' '/scratch/jmsy/outdir/spring-cloud-deployer-kubernetes-9c3c0dee46ef96da8b5ad4c27c62bb1acb31d33f/spring-cloud-deployer-kubernetes/src/main/java/org/springframework/cloud/deployer/spi/kubernetes/KubernetesSchedulerProperties.java' '/scratch/jmsy/outdir/spring-cloud-deployer-kubernetes-9c3c0dee46ef96da8b5ad4c27c62bb1acb31d33f/spring-cloud-deployer-kubernetes/src/main/java/org/springframework/cloud/deployer/spi/kubernetes/ProbeType.java' '/scratch/jmsy/outdir/spring-cloud-deployer-kubernetes-9c3c0dee46ef96da8b5ad4c27c62bb1acb31d33f/spring-cloud-deployer-kubernetes/src/main/java/org/springframework/cloud/deployer/spi/kubernetes/ReadinessTcpProbeCreator.java' '/scratch/jmsy/outdir/spring-cloud-deployer-kubernetes-9c3c0dee46ef96da8b5ad4c27c62bb1acb31d33f/spring-cloud-deployer-kubernetes/src/main/java/org/springframework/cloud/deployer/spi/kubernetes/KubernetesAppDeployer.java' '/scratch/jmsy/outdir/spring-cloud-deployer-kubernetes-9c3c0dee46ef96da8b5ad4c27c62bb1acb31d33f/spring-cloud-deployer-kubernetes/src/main/java/org/springframework/cloud/deployer/spi/kubernetes/AbstractKubernetesDeployer.java' '/scratch/jmsy/outdir/spring-cloud-deployer-kubernetes-9c3c0dee46ef96da8b5ad4c27c62bb1acb31d33f/spring-cloud-deployer-kubernetes/src/main/java/org/springframework/cloud/deployer/spi/kubernetes/ReadinessCommandProbeCreator.java' '/scratch/jmsy/outdir/spring-cloud-deployer-kubernetes-9c3c0dee46ef96da8b5ad4c27c62bb1acb31d33f/spring-cloud-deployer-kubernetes/src/main/java/org/springframework/cloud/deployer/spi/kubernetes/CommandProbeCreator.java' '/scratch/jmsy/outdir/spring-cloud-deployer-kubernetes-9c3c0dee46ef96da8b5ad4c27c62bb1acb31d33f/spring-cloud-deployer-kubernetes/src/main/java/org/springframework/cloud/deployer/spi/kubernetes/support/RelaxedNames.java' '/scratch/jmsy/outdir/spring-cloud-deployer-kubernetes-9c3c0dee46ef96da8b5ad4c27c62bb1acb31d33f/spring-cloud-deployer-kubernetes/src/main/java/org/springframework/cloud/deployer/spi/kubernetes/TcpProbeCreator.java' '/scratch/jmsy/outdir/spring-cloud-deployer-kubernetes-9c3c0dee46ef96da8b5ad4c27c62bb1acb31d33f/spring-cloud-deployer-kubernetes/src/main/java/org/springframework/cloud/deployer/spi/kubernetes/ProbeCreator.java' '/scratch/jmsy/outdir/spring-cloud-deployer-kubernetes-9c3c0dee46ef96da8b5ad4c27c62bb1acb31d33f/spring-cloud-deployer-kubernetes/src/main/java/org/springframework/cloud/deployer/spi/kubernetes/LivenessCommandProbeCreator.java' '/scratch/jmsy/outdir/spring-cloud-deployer-kubernetes-9c3c0dee46ef96da8b5ad4c27c62bb1acb31d33f/spring-cloud-deployer-kubernetes/src/main/java/org/springframework/cloud/deployer/spi/kubernetes/DefaultContainerFactory.java' '/scratch/jmsy/outdir/spring-cloud-deployer-kubernetes-9c3c0dee46ef96da8b5ad4c27c62bb1acb31d33f/spring-cloud-deployer-kubernetes/src/main/java/org/springframework/cloud/deployer/spi/kubernetes/StartupHttpProbeCreator.java' '/scratch/jmsy/outdir/spring-cloud-deployer-kubernetes-9c3c0dee46ef96da8b5ad4c27c62bb1acb31d33f/spring-cloud-deployer-kubernetes/src/main/java/org/springframework/cloud/deployer/spi/kubernetes/DeploymentPropertiesResolver.java' '/scratch/jmsy/outdir/spring-cloud-deployer-kubernetes-9c3c0dee46ef96da8b5ad4c27c62bb1acb31d33f/spring-cloud-deployer-kubernetes/src/main/java/org/springframework/cloud/deployer/spi/kubernetes/support/ArgumentSanitizer.java' '/scratch/jmsy/outdir/spring-cloud-deployer-kubernetes-9c3c0dee46ef96da8b5ad4c27c62bb1acb31d33f/spring-cloud-deployer-kubernetes/src/main/java/org/springframework/cloud/deployer/spi/kubernetes/KubernetesAppInstanceStatus.java' '/scratch/jmsy/outdir/spring-cloud-deployer-kubernetes-9c3c0dee46ef96da8b5ad4c27c62bb1acb31d33f/spring-cloud-deployer-kubernetes/src/main/java/org/springframework/cloud/deployer/spi/kubernetes/KubernetesTaskLauncher.java' '/scratch/jmsy/outdir/spring-cloud-deployer-kubernetes-9c3c0dee46ef96da8b5ad4c27c62bb1acb31d33f/spring-cloud-deployer-kubernetes/src/main/java/org/springframework/cloud/deployer/spi/kubernetes/RestartPolicy.java' '/scratch/jmsy/outdir/spring-cloud-deployer-kubernetes-9c3c0dee46ef96da8b5ad4c27c62bb1acb31d33f/spring-cloud-deployer-kubernetes/src/main/java/org/springframework/cloud/deployer/spi/kubernetes/support/PropertyParserUtils.java' '/scratch/jmsy/outdir/spring-cloud-deployer-kubernetes-9c3c0dee46ef96da8b5ad4c27c62bb1acb31d33f/spring-cloud-deployer-kubernetes/src/main/java/org/springframework/cloud/deployer/spi/kubernetes/ReadinessHttpProbeCreator.java' '/scratch/jmsy/outdir/spring-cloud-deployer-kubernetes-9c3c0dee46ef96da8b5ad4c27c62bb1acb31d33f/spring-cloud-deployer-kubernetes/src/main/java/org/springframework/cloud/deployer/spi/kubernetes/ContainerFactory.java' '/scratch/jmsy/outdir/spring-cloud-deployer-kubernetes-9c3c0dee46ef96da8b5ad4c27c62bb1acb31d33f/spring-cloud-deployer-kubernetes/src/main/java/org/springframework/cloud/deployer/spi/kubernetes/ImagePullPolicy.java' '/scratch/jmsy/outdir/spring-cloud-deployer-kubernetes-9c3c0dee46ef96da8b5ad4c27c62bb1acb31d33f/spring-cloud-deployer-kubernetes/src/main/java/org/springframework/cloud/deployer/spi/kubernetes/KubernetesAutoConfiguration.java' '/scratch/jmsy/outdir/spring-cloud-deployer-kubernetes-9c3c0dee46ef96da8b5ad4c27c62bb1acb31d33f/spring-cloud-deployer-kubernetes/src/main/java/org/springframework/cloud/deployer/spi/kubernetes/ContainerConfiguration.java' '/scratch/jmsy/outdir/spring-cloud-deployer-kubernetes-9c3c0dee46ef96da8b5ad4c27c62bb1acb31d33f/spring-cloud-deployer-kubernetes/src/main/java/org/springframework/cloud/deployer/spi/kubernetes/EntryPointStyle.java' '/scratch/jmsy/outdir/spring-cloud-deployer-kubernetes-9c3c0dee46ef96da8b5ad4c27c62bb1acb31d33f/spring-cloud-deployer-kubernetes/src/main/java/org/springframework/cloud/deployer/spi/kubernetes/LivenessHttpProbeCreator.java' '/scratch/jmsy/outdir/spring-cloud-deployer-kubernetes-9c3c0dee46ef96da8b5ad4c27c62bb1acb31d33f/spring-cloud-deployer-kubernetes/src/main/java/org/springframework/cloud/deployer/spi/kubernetes/KubernetesClientFactory.java' '/scratch/jmsy/outdir/spring-cloud-deployer-kubernetes-9c3c0dee46ef96da8b5ad4c27c62bb1acb31d33f/spring-cloud-deployer-kubernetes/src/main/java/org/springframework/cloud/deployer/spi/kubernetes/RunningPhaseDeploymentStateResolver.java' '/scratch/jmsy/outdir/spring-cloud-deployer-kubernetes-9c3c0dee46ef96da8b5ad4c27c62bb1acb31d33f/spring-cloud-deployer-kubernetes/src/main/java/org/springframework/cloud/deployer/spi/kubernetes/ProbeCreatorFactory.java' '/scratch/jmsy/outdir/spring-cloud-deployer-kubernetes-9c3c0dee46ef96da8b5ad4c27c62bb1acb31d33f/spring-cloud-deployer-kubernetes/src/main/java/org/springframework/cloud/deployer/spi/kubernetes/KubernetesActuatorTemplate.java' '/scratch/jmsy/outdir/spring-cloud-deployer-kubernetes-9c3c0dee46ef96da8b5ad4c27c62bb1acb31d33f/spring-cloud-deployer-kubernetes/src/main/java/org/springframework/cloud/deployer/spi/kubernetes/KubernetesDeployerProperties.java' '/scratch/jmsy/outdir/spring-cloud-deployer-kubernetes-9c3c0dee46ef96da8b5ad4c27c62bb1acb31d33f/spring-cloud-deployer-kubernetes/src/main/java/org/springframework/cloud/deployer/spi/kubernetes/KubernetesScheduler.java' '/scratch/jmsy/outdir/spring-cloud-deployer-kubernetes-9c3c0dee46ef96da8b5ad4c27c62bb1acb31d33f/spring-cloud-deployer-kubernetes/src/main/java/org/springframework/cloud/deployer/spi/kubernetes/ProbeAuthenticationType.java' '/scratch/jmsy/outdir/spring-cloud-deployer-kubernetes-9c3c0dee46ef96da8b5ad4c27c62bb1acb31d33f/spring-cloud-deployer-kubernetes/src/main/java/org/springframework/cloud/deployer/spi/kubernetes/StartupTcpProbeCreator.java' '/scratch/jmsy/outdir/spring-cloud-deployer-kubernetes-9c3c0dee46ef96da8b5ad4c27c62bb1acb31d33f/spring-cloud-deployer-kubernetes/src/main/java/org/springframework/cloud/deployer/spi/kubernetes/HttpProbeCreator.java' '/scratch/jmsy/outdir/spring-cloud-deployer-kubernetes-9c3c0dee46ef96da8b5ad4c27c62bb1acb31d33f/spring-cloud-deployer-kubernetes/src/main/java/org/springframework/cloud/deployer/spi/kubernetes/LivenessTcpProbeCreator.java' '/scratch/jmsy/outdir/spring-cloud-deployer-kubernetes-9c3c0dee46ef96da8b5ad4c27c62bb1acb31d33f/spring-cloud-deployer-kubernetes/src/main/java/org/springframework/cloud/deployer/spi/kubernetes/CompositeDeploymentStateResolver.java' '/scratch/jmsy/outdir/spring-cloud-deployer-kubernetes-9c3c0dee46ef96da8b5ad4c27c62bb1acb31d33f/spring-cloud-deployer-kubernetes/src/main/java/org/springframework/cloud/deployer/spi/kubernetes/PredicateRunningPhaseDeploymentStateResolver.java'

warning: No processor claimed any of these annotations: org.springframework.context.annotation.Configuration,org.springframework.boot.autoconfigure.condition.ConditionalOnMissingBean,org.springframework.boot.context.properties.NestedConfigurationProperty,org.springframework.boot.context.properties.EnableConfigurationProperties,org.springframework.beans.factory.annotation.Autowired,org.springframework.boot.context.properties.ConfigurationProperties,org.springframework.boot.autoconfigure.AutoConfigureOrder,org.springframework.context.annotation.Bean
/homes/gws/jmsy/.m2/repository/org/springframework/spring-core/5.3.26/spring-core-5.3.26.jar(/org/springframework/lang/NonNullApi.class): warning: Cannot find annotation method 'value()' in type 'TypeQualifierDefault': class file for javax.annotation.meta.TypeQualifierDefault not found
/scratch/jmsy/outdir/spring-cloud-deployer-kubernetes-9c3c0dee46ef96da8b5ad4c27c62bb1acb31d33f/spring-cloud-deployer-kubernetes/src/main/java/org/springframework/cloud/deployer/spi/kubernetes/KubernetesDeployerProperties.java:887: warning: [serial] serializable class Container has no definition of serialVersionUID
	static class Container extends io.fabric8.kubernetes.api.model.Container {
	       ^
/scratch/jmsy/outdir/spring-cloud-deployer-kubernetes-9c3c0dee46ef96da8b5ad4c27c62bb1acb31d33f/spring-cloud-deployer-kubernetes/src/main/java/org/springframework/cloud/deployer/spi/kubernetes/AbstractKubernetesDeployer.java:96: warning: [rawtypes] found raw type: Class
	protected RuntimeEnvironmentInfo createRuntimeEnvironmentInfo(Class spiClass, Class implementationClass) {
	                                                              ^
  missing type arguments for generic class Class<T>
  where T is a type-variable:
    T extends Object declared in class Class
/scratch/jmsy/outdir/spring-cloud-deployer-kubernetes-9c3c0dee46ef96da8b5ad4c27c62bb1acb31d33f/spring-cloud-deployer-kubernetes/src/main/java/org/springframework/cloud/deployer/spi/kubernetes/AbstractKubernetesDeployer.java:96: warning: [rawtypes] found raw type: Class
	protected RuntimeEnvironmentInfo createRuntimeEnvironmentInfo(Class spiClass, Class implementationClass) {
	                                                                              ^
  missing type arguments for generic class Class<T>
  where T is a type-variable:
    T extends Object declared in class Class
/scratch/jmsy/outdir/spring-cloud-deployer-kubernetes-9c3c0dee46ef96da8b5ad4c27c62bb1acb31d33f/spring-cloud-deployer-kubernetes/src/main/java/org/springframework/cloud/deployer/spi/kubernetes/KubernetesAppDeployer.java:221: warning: [rawtypes] found raw type: ScalableResource
        ScalableResource scalableResource = this.client.apps().deployments().withName(deploymentId);
        ^
  missing type arguments for generic class ScalableResource<T>
  where T is a type-variable:
    T extends Object declared in interface ScalableResource
/scratch/jmsy/outdir/spring-cloud-deployer-kubernetes-9c3c0dee46ef96da8b5ad4c27c62bb1acb31d33f/spring-cloud-deployer-kubernetes/src/main/java/org/springframework/cloud/deployer/spi/kubernetes/DeploymentPropertiesResolver.java:719: warning: non-varargs call of varargs method with inexact argument type for last parameter;
						String.format("Invalid label format, expected 'labelKey:labelValue', got: '%s'", labelPair));
						                                                                                 ^
  cast to Object for a varargs call
  cast to Object[] for a non-varargs call and to suppress this warning
/homes/gws/jmsy/.m2/repository/org/springframework/spring-core/5.3.26/spring-core-5.3.26.jar(/org/springframework/lang/Nullable.class): warning: Cannot find annotation method 'when()' in type 'Nonnull': class file for javax.annotation.Nonnull not found
warning: unknown enum constant When.MAYBE
  reason: class file for javax.annotation.meta.When not found
/scratch/jmsy/outdir/spring-cloud-deployer-kubernetes-9c3c0dee46ef96da8b5ad4c27c62bb1acb31d33f/spring-cloud-deployer-kubernetes/src/main/java/org/springframework/cloud/deployer/spi/kubernetes/DeploymentPropertiesResolver.java:637: warning: [introduce.eliminate] It is bad style to create an Optional just to chain methods to get a value.
				.addAllToVolumeMounts(Optional.ofNullable(initContainerProps.getVolumeMounts()).orElse(Collections.emptyList()))
				                                                                                      ^
/scratch/jmsy/outdir/spring-cloud-deployer-kubernetes-9c3c0dee46ef96da8b5ad4c27c62bb1acb31d33f/spring-cloud-deployer-kubernetes/src/main/java/org/springframework/cloud/deployer/spi/kubernetes/DefaultContainerFactory.java:341: warning: [deprecation] getSchedulerProperties() in ScheduleRequest has been deprecated
                ((ScheduleRequest) request).getSchedulerProperties() != null &&
                                           ^
/scratch/jmsy/outdir/spring-cloud-deployer-kubernetes-9c3c0dee46ef96da8b5ad4c27c62bb1acb31d33f/spring-cloud-deployer-kubernetes/src/main/java/org/springframework/cloud/deployer/spi/kubernetes/DefaultContainerFactory.java:342: warning: [deprecation] getSchedulerProperties() in ScheduleRequest has been deprecated
                ((ScheduleRequest) request).getSchedulerProperties().size() > 0) ? KubernetesSchedulerProperties.KUBERNETES_SCHEDULER_PROPERTIES_PREFIX :
                                           ^
/scratch/jmsy/outdir/spring-cloud-deployer-kubernetes-9c3c0dee46ef96da8b5ad4c27c62bb1acb31d33f/spring-cloud-deployer-kubernetes/src/main/java/org/springframework/cloud/deployer/spi/kubernetes/DefaultContainerFactory.java:342: warning: [deprecation] KubernetesSchedulerProperties in org.springframework.cloud.deployer.spi.kubernetes has been deprecated
                ((ScheduleRequest) request).getSchedulerProperties().size() > 0) ? KubernetesSchedulerProperties.KUBERNETES_SCHEDULER_PROPERTIES_PREFIX :
                                                                                   ^
/scratch/jmsy/outdir/spring-cloud-deployer-kubernetes-9c3c0dee46ef96da8b5ad4c27c62bb1acb31d33f/spring-cloud-deployer-kubernetes/src/main/java/org/springframework/cloud/deployer/spi/kubernetes/KubernetesTaskLauncher.java:318: warning: [deprecation] jobs() in BatchAPIGroupDSL has been deprecated
				resourceList = client.batch().jobs().withLabel("task-name", taskName.get()).list();
				                             ^
/scratch/jmsy/outdir/spring-cloud-deployer-kubernetes-9c3c0dee46ef96da8b5ad4c27c62bb1acb31d33f/spring-cloud-deployer-kubernetes/src/main/java/org/springframework/cloud/deployer/spi/kubernetes/KubernetesTaskLauncher.java:325: warning: [deprecation] jobs() in BatchAPIGroupDSL has been deprecated
				resourceList = client.batch().jobs().withLabel("task-name").list();
				                             ^
/scratch/jmsy/outdir/spring-cloud-deployer-kubernetes-9c3c0dee46ef96da8b5ad4c27c62bb1acb31d33f/spring-cloud-deployer-kubernetes/src/main/java/org/springframework/cloud/deployer/spi/kubernetes/KubernetesTaskLauncher.java:391: warning: [deprecation] jobs() in BatchAPIGroupDSL has been deprecated
		FilterWatchListDeletable<Job, JobList> jobsToDelete = client.batch().jobs()
		                                                                    ^
/scratch/jmsy/outdir/spring-cloud-deployer-kubernetes-9c3c0dee46ef96da8b5ad4c27c62bb1acb31d33f/spring-cloud-deployer-kubernetes/src/main/java/org/springframework/cloud/deployer/spi/kubernetes/KubernetesTaskLauncher.java:417: warning: [deprecation] jobs() in BatchAPIGroupDSL has been deprecated
		List<Job> jobs = client.batch().jobs().withLabel(SPRING_APP_KEY, jobName).list().getItems();
		                               ^
/scratch/jmsy/outdir/spring-cloud-deployer-kubernetes-9c3c0dee46ef96da8b5ad4c27c62bb1acb31d33f/spring-cloud-deployer-kubernetes/src/main/java/org/springframework/cloud/deployer/spi/kubernetes/KubernetesTaskLauncher.java:429: warning: [rawtypes] found raw type: PodResource
		PodResource podResource = client.pods().withName(name);
		^
  missing type arguments for generic class PodResource<T>
  where T is a type-variable:
    T extends Object declared in interface PodResource
/scratch/jmsy/outdir/spring-cloud-deployer-kubernetes-9c3c0dee46ef96da8b5ad4c27c62bb1acb31d33f/spring-cloud-deployer-kubernetes/src/main/java/org/springframework/cloud/deployer/spi/kubernetes/KubernetesTaskLauncher.java:298: warning: [optional.parameter] Don't use Optional as the type of a formal parameter.
	private List<String> getIdsForTasks(Optional<String> taskName, boolean isCreateJob) {
	                                                     ^
/scratch/jmsy/outdir/spring-cloud-deployer-kubernetes-9c3c0dee46ef96da8b5ad4c27c62bb1acb31d33f/spring-cloud-deployer-kubernetes/src/main/java/org/springframework/cloud/deployer/spi/kubernetes/KubernetesTaskLauncher.java:314: warning: [optional.parameter] Don't use Optional as the type of a formal parameter.
	private KubernetesResourceList<?>  getTaskResources(Optional<String> taskName, boolean isCreateJob) {
	                                                                     ^
/scratch/jmsy/outdir/spring-cloud-deployer-kubernetes-9c3c0dee46ef96da8b5ad4c27c62bb1acb31d33f/spring-cloud-deployer-kubernetes/src/main/java/org/springframework/cloud/deployer/spi/kubernetes/KubernetesScheduler.java:71: warning: [deprecation] KubernetesSchedulerProperties in org.springframework.cloud.deployer.spi.kubernetes has been deprecated
				(properties instanceof KubernetesSchedulerProperties) ?
				                       ^
/scratch/jmsy/outdir/spring-cloud-deployer-kubernetes-9c3c0dee46ef96da8b5ad4c27c62bb1acb31d33f/spring-cloud-deployer-kubernetes/src/main/java/org/springframework/cloud/deployer/spi/kubernetes/KubernetesScheduler.java:72: warning: [deprecation] KubernetesSchedulerProperties in org.springframework.cloud.deployer.spi.kubernetes has been deprecated
						KubernetesSchedulerProperties.KUBERNETES_SCHEDULER_PROPERTIES_PREFIX :
						^
/scratch/jmsy/outdir/spring-cloud-deployer-kubernetes-9c3c0dee46ef96da8b5ad4c27c62bb1acb31d33f/spring-cloud-deployer-kubernetes/src/main/java/org/springframework/cloud/deployer/spi/kubernetes/KubernetesScheduler.java:102: warning: [deprecation] getSchedulerProperties() in ScheduleRequest has been deprecated
		Map<String, String> schedulerProperties = scheduleRequest.getSchedulerProperties();
		                                                         ^
/scratch/jmsy/outdir/spring-cloud-deployer-kubernetes-9c3c0dee46ef96da8b5ad4c27c62bb1acb31d33f/spring-cloud-deployer-kubernetes/src/main/java/org/springframework/cloud/deployer/spi/kubernetes/KubernetesScheduler.java:109: warning: [deprecation] KubernetesSchedulerProperties in org.springframework.cloud.deployer.spi.kubernetes has been deprecated
				if (StringUtils.hasText(schedulerPropertyKey) && schedulerPropertyKey.startsWith(KubernetesSchedulerProperties.KUBERNETES_SCHEDULER_PROPERTIES_PREFIX)) {
				                                                                                 ^
/scratch/jmsy/outdir/spring-cloud-deployer-kubernetes-9c3c0dee46ef96da8b5ad4c27c62bb1acb31d33f/spring-cloud-deployer-kubernetes/src/main/java/org/springframework/cloud/deployer/spi/kubernetes/KubernetesScheduler.java:111: warning: [deprecation] KubernetesSchedulerProperties in org.springframework.cloud.deployer.spi.kubernetes has been deprecated
							schedulerPropertyKey.substring(KubernetesSchedulerProperties.KUBERNETES_SCHEDULER_PROPERTIES_PREFIX.length());
							                               ^
/scratch/jmsy/outdir/spring-cloud-deployer-kubernetes-9c3c0dee46ef96da8b5ad4c27c62bb1acb31d33f/spring-cloud-deployer-kubernetes/src/main/java/org/springframework/cloud/deployer/spi/kubernetes/KubernetesScheduler.java:131: warning: [deprecation] KubernetesSchedulerProperties in org.springframework.cloud.deployer.spi.kubernetes has been deprecated
			if (StringUtils.hasText(schedulerPropertyKey) && schedulerPropertyKey.startsWith(KubernetesSchedulerProperties.KUBERNETES_SCHEDULER_PROPERTIES_PREFIX)) {
			                                                                                 ^
/scratch/jmsy/outdir/spring-cloud-deployer-kubernetes-9c3c0dee46ef96da8b5ad4c27c62bb1acb31d33f/spring-cloud-deployer-kubernetes/src/main/java/org/springframework/cloud/deployer/spi/kubernetes/KubernetesScheduler.java:133: warning: [deprecation] KubernetesSchedulerProperties in org.springframework.cloud.deployer.spi.kubernetes has been deprecated
						schedulerPropertyKey.substring(KubernetesSchedulerProperties.KUBERNETES_SCHEDULER_PROPERTIES_PREFIX.length());
						                               ^
/scratch/jmsy/outdir/spring-cloud-deployer-kubernetes-9c3c0dee46ef96da8b5ad4c27c62bb1acb31d33f/spring-cloud-deployer-kubernetes/src/main/java/org/springframework/cloud/deployer/spi/kubernetes/KubernetesScheduler.java:161: warning: [deprecation] cronjobs() in BatchAPIGroupDSL has been deprecated
		boolean unscheduled = this.client.batch().cronjobs().withName(scheduleName).delete();
		                                         ^
/scratch/jmsy/outdir/spring-cloud-deployer-kubernetes-9c3c0dee46ef96da8b5ad4c27c62bb1acb31d33f/spring-cloud-deployer-kubernetes/src/main/java/org/springframework/cloud/deployer/spi/kubernetes/KubernetesScheduler.java:178: warning: [deprecation] cronjobs() in BatchAPIGroupDSL has been deprecated
		CronJobList cronJobList = this.client.batch().cronjobs().list();
		                                             ^
/scratch/jmsy/outdir/spring-cloud-deployer-kubernetes-9c3c0dee46ef96da8b5ad4c27c62bb1acb31d33f/spring-cloud-deployer-kubernetes/src/main/java/org/springframework/cloud/deployer/spi/kubernetes/KubernetesScheduler.java:274: warning: [deprecation] cronjobs() in BatchAPIGroupDSL has been deprecated
		return this.client.batch().cronjobs().create(cronJob);
		                          ^
/scratch/jmsy/outdir/spring-cloud-deployer-kubernetes-9c3c0dee46ef96da8b5ad4c27c62bb1acb31d33f/spring-cloud-deployer-kubernetes/src/main/java/org/springframework/cloud/deployer/spi/kubernetes/PredicateRunningPhaseDeploymentStateResolver.java:49: error: [method.invocation] call to get() not allowed on the given receiver.
		Boolean allConditionsMet = conditionsStream.reduce((x, y) -> x.and(y)).get().test(containerStatus);
		                                                                          ^
  found   : @MaybePresent Optional</*RAW*/>
  required: @Present Optional</*RAW*/>
1 error
30 warnings
